[0.000000] (-) TimerEvent: {}
[0.001022] (my_robot_package) JobQueued: {'identifier': 'my_robot_package', 'dependencies': OrderedDict()}
[0.002249] (my_robot_package) JobStarted: {'identifier': 'my_robot_package'}
[0.099267] (-) TimerEvent: {}
[0.183220] (my_robot_package) StderrLine: {'line': b'Traceback (most recent call last):\n  File "/usr/lib/python3/dist-packages/colcon_core/executor/__init__.py", line 91, in __call__\n    rc = await self.task(*args, **kwargs)\n  File "/usr/lib/python3/dist-packages/colcon_core/task/__init__.py", line 93, in __call__\n    return await task_method(*args, **kwargs)\n  File "/usr/lib/python3/dist-packages/colcon_ros/task/ament_python/build.py", line 102, in build\n    return await extension.build(additional_hooks=additional_hooks)\n  File "/usr/lib/python3/dist-packages/colcon_core/task/python/build.py", line 96, in build\n    available_commands = await self._get_available_commands(\n  File "/usr/lib/python3/dist-packages/colcon_core/task/python/build.py", line 194, in _get_available_commands\n    output = await check_output(\n  File "/usr/lib/python3/dist-packages/colcon_core/subprocess.py", line 129, in check_output\n    assert not rc, f\'Expected {args} to pass: {stderr_data}\'\nAssertionError: Expected [\'/usr/bin/python3\', \'-W\', \'ignore:setup.py install is deprecated\', \'-W\', \'ignore:easy_install command is deprecated\', \'setup.py\', \'--help-commands\'] to pass: /usr/bin/python3: can\'t open file \'/ros2/first_app/src/my_robot_package/setup.py\': [Errno 2] No such file or directory\n\n'}
[0.184584] (my_robot_package) JobEnded: {'identifier': 'my_robot_package', 'rc': 1}
[0.195462] (-) EventReactorShutdown: {}
